<?xml version="1.0" encoding="UTF-8"?>
<!-- Generated by org.testng.reporters.JUnitXMLReporter -->
<testsuite hostname="ip-172-31-23-194" ignored="0" name="ChromeTest" tests="6" failures="0" timestamp="24 Jul 2018 11:23:59 GMT" time="0.323" errors="0">
  <testcase name="@BeforeClass Browser_URL_SetUP" time="0.099" classname="TestCases.BaseTest">
    <failure type="java.lang.NullPointerException">
      <![CDATA[java.lang.NullPointerException
at globals.Globals.ERtakeScreenshot(Globals.java:180)
at TestCases.BaseTest.Browser_URL_SetUP(BaseTest.java:72)
... Removed 30 stack frames]]>
    </failure>
  </testcase> <!-- @BeforeClass Browser_URL_SetUP -->
  <testcase name="@AfterMethod getResult" time="0.0" classname="TestCases.BaseTest">
    <skipped/>
  </testcase> <!-- @AfterMethod getResult -->
  <testcase name="Verify_Home_Screen_Header_Footer" time="0.0" classname="TestCases.GuestUser">
    <skipped/>
  </testcase> <!-- Verify_Home_Screen_Header_Footer -->
  <testcase name="Browse_Categories" time="0.0" classname="TestCases.GuestUser">
    <skipped/>
  </testcase> <!-- Browse_Categories -->
  <testcase name="Search_Result_Display" time="0.0" classname="TestCases.GuestUser">
    <skipped/>
  </testcase> <!-- Search_Result_Display -->
  <testcase name="Guest_User_BrowseCategory_MiniCart_Validations" time="0.0" classname="TestCases.GuestUser">
    <skipped/>
  </testcase> <!-- Guest_User_BrowseCategory_MiniCart_Validations -->
  <testcase name="Guest_User_SearchResult_MiniCart_VAlidations" time="0.0" classname="TestCases.GuestUser">
    <skipped/>
  </testcase> <!-- Guest_User_SearchResult_MiniCart_VAlidations -->
  <testcase name="Guest_User_CheckOut_Frm_MiniCart" time="0.0" classname="TestCases.GuestUser">
    <skipped/>
  </testcase> <!-- Guest_User_CheckOut_Frm_MiniCart -->
</testsuite> <!-- ChromeTest -->
