<?xml version="1.0" encoding="UTF-8"?>
<!-- Generated by org.testng.reporters.JUnitXMLReporter -->
<testsuite hostname="EMB-BAN-254" ignored="0" name="Test" tests="5" failures="0" timestamp="26 Jun 2018 04:45:01 GMT" time="333.892" errors="0">
  <testcase name="Verify_Home_Screen_Header_Footer" time="6.156" classname="TestCases.GuestUser"/>
  <testcase name="Browse_Categories" time="31.425" classname="TestCases.GuestUser"/>
  <testcase name="Search_Result_Display" time="42.08" classname="TestCases.GuestUser"/>
  <testcase name="Guest_User_CheckOut_BrowseCategory" time="51.988" classname="TestCases.GuestUser"/>
  <testcase name="Guest_User_CheckOut_SearchResult" time="74.262" classname="TestCases.GuestUser"/>
</testsuite> <!-- Test -->
