-------------------------------------------------------------------------------
Test set: TestSuite
-------------------------------------------------------------------------------
Tests run: 8, Failures: 1, Errors: 0, Skipped: 7, Time elapsed: 1.082 s <<< FAILURE! - in TestSuite
Browser_URL_SetUP(TestCases.GuestUser)  Time elapsed: 0.678 s  <<< FAILURE!
java.lang.NullPointerException

