<?xml version="1.0" encoding="UTF-8"?>
<testsuite xmlns:xsi="http://www.w3.org/2001/XMLSchema-instance" xsi:noNamespaceSchemaLocation="https://maven.apache.org/surefire/maven-surefire-plugin/xsd/surefire-test-report.xsd" name="TestSuite" time="1.082" tests="8" errors="0" skipped="7" failures="1">
  <properties>
[...]
</properties>
  <testcase name="Browser_URL_SetUP" classname="TestCases.GuestUser" time="0.678">
    <failure type="java.lang.NullPointerException">java.lang.NullPointerException
</failure>
    <system-out><![CDATA[java.lang.IllegalStateException: The driver is not executable: /var/lib/jenkins/workspace/Desire_Automation_Script/lib/DriverRelated/chromedriver_win32/install.sh
	at com.google.common.base.Preconditions.checkState(Preconditions.java:585)
	at org.openqa.selenium.remote.service.DriverService.checkExecutable(DriverService.java:140)
	at org.openqa.selenium.remote.service.DriverService.findExecutable(DriverService.java:131)
	at org.openqa.selenium.chrome.ChromeDriverService.access$000(ChromeDriverService.java:33)
	at org.openqa.selenium.chrome.ChromeDriverService$Builder.findDefaultExecutable(ChromeDriverService.java:139)
	at org.openqa.selenium.remote.service.DriverService$Builder.build(DriverService.java:335)
	at org.openqa.selenium.chrome.ChromeDriverService.createDefaultService(ChromeDriverService.java:89)
	at org.openqa.selenium.chrome.ChromeDriver.<init>(ChromeDriver.java:157)
	at globals.Globals.browserSelect(Globals.java:592)
	at globals.Globals.setUp(Globals.java:771)
	at TestCases.BaseTest.Browser_URL_SetUP(BaseTest.java:67)
	at sun.reflect.NativeMethodAccessorImpl.invoke0(Native Method)
	at sun.reflect.NativeMethodAccessorImpl.invoke(NativeMethodAccessorImpl.java:62)
	at sun.reflect.DelegatingMethodAccessorImpl.invoke(DelegatingMethodAccessorImpl.java:43)
	at java.lang.reflect.Method.invoke(Method.java:498)
	at org.testng.internal.MethodInvocationHelper.invokeMethod(MethodInvocationHelper.java:124)
	at org.testng.internal.MethodInvocationHelper.invokeMethodConsideringTimeout(MethodInvocationHelper.java:59)
	at org.testng.internal.Invoker.invokeConfigurationMethod(Invoker.java:458)
	at org.testng.internal.Invoker.invokeConfigurations(Invoker.java:222)
	at org.testng.internal.Invoker.invokeConfigurations(Invoker.java:142)
	at org.testng.internal.TestMethodWorker.invokeBeforeClassMethods(TestMethodWorker.java:168)
	at org.testng.internal.TestMethodWorker.run(TestMethodWorker.java:105)
	at org.testng.TestRunner.privateRun(TestRunner.java:648)
	at org.testng.TestRunner.run(TestRunner.java:505)
	at org.testng.SuiteRunner.runTest(SuiteRunner.java:455)
	at org.testng.SuiteRunner.runSequentially(SuiteRunner.java:450)
	at org.testng.SuiteRunner.privateRun(SuiteRunner.java:415)
	at org.testng.SuiteRunner.run(SuiteRunner.java:364)
	at org.testng.SuiteRunnerWorker.runSuite(SuiteRunnerWorker.java:52)
	at org.testng.SuiteRunnerWorker.run(SuiteRunnerWorker.java:84)
	at org.testng.TestNG.runSuitesSequentially(TestNG.java:1208)
	at org.testng.TestNG.runSuitesLocally(TestNG.java:1137)
	at org.testng.TestNG.runSuites(TestNG.java:1049)
	at org.testng.TestNG.run(TestNG.java:1017)
	at org.apache.maven.surefire.testng.TestNGExecutor.run(TestNGExecutor.java:283)
	at org.apache.maven.surefire.testng.TestNGXmlTestSuite.execute(TestNGXmlTestSuite.java:75)
	at org.apache.maven.surefire.testng.TestNGProvider.invoke(TestNGProvider.java:120)
	at org.apache.maven.surefire.booter.ForkedBooter.invokeProviderInSameClassLoader(ForkedBooter.java:379)
	at org.apache.maven.surefire.booter.ForkedBooter.runSuitesInProcess(ForkedBooter.java:340)
	at org.apache.maven.surefire.booter.ForkedBooter.execute(ForkedBooter.java:125)
	at org.apache.maven.surefire.booter.ForkedBooter.main(ForkedBooter.java:413)

]]></system-out>
    <system-err><![CDATA[Jul 24, 2018 11:23:59 AM org.openqa.selenium.remote.DesiredCapabilities chrome
INFO: Using `new ChromeOptions()` is preferred to `DesiredCapabilities.chrome()`
]]></system-err>
  </testcase>
  <testcase name="Verify_Home_Screen_Header_Footer" classname="TestCases.GuestUser" time="0">
    <skipped/>
  </testcase>
  <testcase name="getResult" classname="TestCases.GuestUser" time="0">
    <skipped/>
  </testcase>
  <testcase name="Browse_Categories" classname="TestCases.GuestUser" time="0">
    <skipped message="Method GuestUser.Browse_Categories()[pri:0, instance:TestCases.GuestUser@68c4039c] depends on not successfully finished methods"/>
  </testcase>
  <testcase name="Search_Result_Display" classname="TestCases.GuestUser" time="0">
    <skipped message="Method GuestUser.Search_Result_Display()[pri:0, instance:TestCases.GuestUser@68c4039c] depends on not successfully finished methods"/>
  </testcase>
  <testcase name="Guest_User_BrowseCategory_MiniCart_Validations" classname="TestCases.GuestUser" time="0">
    <skipped message="Method GuestUser.Guest_User_BrowseCategory_MiniCart_Validations()[pri:0, instance:TestCases.GuestUser@68c4039c] depends on not successfully finished methods"/>
  </testcase>
  <testcase name="Guest_User_SearchResult_MiniCart_VAlidations" classname="TestCases.GuestUser" time="0">
    <skipped message="Method GuestUser.Guest_User_SearchResult_MiniCart_VAlidations()[pri:0, instance:TestCases.GuestUser@68c4039c] depends on not successfully finished methods"/>
  </testcase>
  <testcase name="Guest_User_CheckOut_Frm_MiniCart" classname="TestCases.GuestUser" time="0">
    <skipped message="Method GuestUser.Guest_User_CheckOut_Frm_MiniCart(java.lang.String, java.lang.String, java.lang.String, java.lang.String, java.lang.String, java.lang.String)[pri:0, instance:TestCases.GuestUser@68c4039c] depends on not successfully finished methods"/>
  </testcase>
</testsuite>