<?xml version="1.0" encoding="UTF-8"?>
<!-- Generated by org.testng.reporters.JUnitXMLReporter -->
<testsuite hostname="EMB-BAN-254" ignored="0" name="ChromeTest" tests="3" failures="0" timestamp="13 Jul 2018 10:32:46 GMT" time="139.007" errors="0">
  <testcase name="Verify_Home_Screen_Header_Footer" time="1.993" classname="TestCases.GuestUser"/>
  <testcase name="Browse_Categories" time="34.635" classname="TestCases.GuestUser"/>
  <testcase name="Search_Result_Display" time="39.38" classname="TestCases.GuestUser"/>
</testsuite> <!-- ChromeTest -->
