<?xml version="1.0" encoding="UTF-8"?>
<!-- Generated by org.testng.reporters.JUnitXMLReporter -->
<testsuite hostname="EMB-BAN-254" ignored="0" name="FirefoxTest" tests="8" failures="0" timestamp="23 Jul 2018 10:51:58 GMT" time="331.218" errors="0">
  <testcase name="Verify_Home_Screen_Header_Footer" time="0.521" classname="TestCases.GuestUser"/>
  <testcase name="Browse_Categories" time="12.143" classname="TestCases.GuestUser"/>
  <testcase name="Search_Result_Display" time="27.045" classname="TestCases.GuestUser"/>
  <testcase name="Guest_User_BrowseCategory_MiniCart_Validations" time="48.507" classname="TestCases.GuestUser"/>
  <testcase name="Guest_User_SearchResult_MiniCart_VAlidations" time="72.254" classname="TestCases.GuestUser"/>
  <testcase name="Guest_User_CheckOut_Frm_MiniCart" time="20.842" classname="TestCases.GuestUser"/>
  <testcase name="Guest_User_CheckOut_Frm_MiniCart" time="2.622" classname="TestCases.GuestUser"/>
  <testcase name="Guest_User_CheckOut_Frm_MiniCart" time="128.614" classname="TestCases.GuestUser"/>
</testsuite> <!-- FirefoxTest -->
